<?xml version="1.0" encoding="UTF-8"?>
<testng-results skipped="0" failed="0" ignored="0" total="1" passed="1">
  <reporter-output>
  </reporter-output>
  <suite name="Default suite" duration-ms="23818" started-at="2018-11-11T10:53:03Z" finished-at="2018-11-11T10:53:27Z">
    <groups>
    </groups>
    <test name="Default test" duration-ms="23818" started-at="2018-11-11T10:53:03Z" finished-at="2018-11-11T10:53:27Z">
      <class name="com.wordpress.login.VerifyWordpressLogin">
        <test-method status="PASS" signature="verifyValidLogin()[pri:0, instance:com.wordpress.login.VerifyWordpressLogin@23faf8f2]" name="verifyValidLogin" duration-ms="23766" started-at="2018-11-11T10:53:03Z" finished-at="2018-11-11T10:53:27Z">
          <reporter-output>
          </reporter-output>
        </test-method> <!-- verifyValidLogin -->
      </class> <!-- com.wordpress.login.VerifyWordpressLogin -->
    </test> <!-- Default test -->
  </suite> <!-- Default suite -->
</testng-results>
